<?xml version="1.0" encoding="UTF-8"?>
<!-- Generated by org.testng.reporters.JUnitReportReporter -->
<testsuite name="Tests.Test99GuruLogin" tests="1" time="3.658" ignored="0" failures="0" timestamp="06 Nov 2017 16:22:56 GMT" skipped="0" hostname="DESKTOP-F48H72M" errors="0">
  <testcase name="test_Home_Page_Appear_Correct" time="3.658" classname="Tests.Test99GuruLogin"/>
</testsuite> <!-- Tests.Test99GuruLogin -->
