<?xml version="1.0" encoding="UTF-8"?>
<!-- Generated by org.testng.reporters.JUnitReportReporter -->
<testsuite name="Tests.NoPOMTest99GuruLogin" tests="1" time="21.595" ignored="0" failures="0" timestamp="08 Nov 2017 04:32:56 GMT" skipped="0" hostname="DESKTOP-F48H72M" errors="0">
  <testcase name="test_Home_Page_Appear_Correct" time="21.595" classname="Tests.NoPOMTest99GuruLogin"/>
</testsuite> <!-- Tests.NoPOMTest99GuruLogin -->
