<?xml version="1.0" encoding="UTF-8"?>
<!-- Generated by org.testng.reporters.JUnitReportReporter -->
<testsuite name="Tests.Test99GuruLoginWithPageFactory" tests="1" time="3.453" ignored="0" failures="0" timestamp="06 Nov 2017 16:34:59 GMT" skipped="0" hostname="DESKTOP-F48H72M" errors="0">
  <testcase name="test_Home_Page_Appear_Correct" time="3.453" classname="Tests.Test99GuruLoginWithPageFactory"/>
</testsuite> <!-- Tests.Test99GuruLoginWithPageFactory -->
